RET  12     -1
NOT  28     0
ADDC 22     1
SUBC 23     1
MULC 26     1
DIVC 27     1
SHLL 2C     1
SHRL 2D     1
SHLA 2E     1
SHRA 2F     1
ROTL 30     1
ROTR 31     1
RTLC 32     1
RTRC 33     1
CPY  03     2
SWAP 04     2
ADD  20     2
SUB  21     2
MUL  24     2
DIV  25     2
AND  29     2
XOR  2B     2
OR   2A     2
CALL 1100   3
JMP  1000   3
JNZ  100E   3
JNC  1007   3
JNV  100D   3
JNN  100B   3
JZ   1001   3
JC   1108   3
JV   1102   3
JN   1104   3
LD   01     4
ST   02     4